#! /mingw64/bin/vvp
:ivl_version "12.0 (stable)";
:ivl_delay_selection "TYPICAL";
:vpi_time_precision + 0;
:vpi_module "C:\msys64\mingw64\lib\ivl\system.vpi";
:vpi_module "C:\msys64\mingw64\lib\ivl\vhdl_sys.vpi";
:vpi_module "C:\msys64\mingw64\lib\ivl\vhdl_textio.vpi";
:vpi_module "C:\msys64\mingw64\lib\ivl\v2005_math.vpi";
:vpi_module "C:\msys64\mingw64\lib\ivl\va_math.vpi";
:vpi_module "C:\msys64\mingw64\lib\ivl\v2009.vpi";
S_000001fbcf187170 .scope package, "$unit" "$unit" 2 1;
 .timescale 0 0;
S_000001fbcf187300 .scope module, "ROM" "ROM" 3 1;
 .timescale 0 0;
    .port_info 0 /INPUT 8 "addr";
    .port_info 1 /INPUT 1 "clk";
    .port_info 2 /OUTPUT 8 "q";
P_000001fbcf1878b0 .param/l "ADDR_WIDTH" 0 3 2, +C4<00000000000000000000000000001000>;
P_000001fbcf1878e8 .param/l "DATA_WIDTH" 0 3 2, +C4<00000000000000000000000000001000>;
o000001fbcf1c7a08 .functor BUFZ 8, C4<zzzzzzzz>; HiZ drive
v000001fbcf187740_0 .net "addr", 7 0, o000001fbcf1c7a08;  0 drivers
o000001fbcf1c7a38 .functor BUFZ 1, C4<z>; HiZ drive
v000001fbcf18bec0_0 .net "clk", 0 0, o000001fbcf1c7a38;  0 drivers
v000001fbcf187490_0 .var "q", 7 0;
v000001fbcf187530 .array "rom", 0 255, 7 0;
E_000001fbcf18e000 .event posedge, v000001fbcf18bec0_0;
    .scope S_000001fbcf187300;
T_0 ;
    %vpi_call/w 3 14 "$readmemb", "rom128x8.txt", v000001fbcf187530 {0 0 0};
    %end;
    .thread T_0;
    .scope S_000001fbcf187300;
T_1 ;
    %wait E_000001fbcf18e000;
    %load/vec4 v000001fbcf187740_0;
    %pad/u 10;
    %ix/vec4 4;
    %load/vec4a v000001fbcf187530, 4;
    %assign/vec4 v000001fbcf187490_0, 0;
    %jmp T_1;
    .thread T_1;
# The file index is used to find the file name in the following table.
:file_names 4;
    "N/A";
    "<interactive>";
    "-";
    "ROM.sv";
